% perp (train set)	
 1.2996e+00	
 1.0871e+00	
 1.0742e+00	
 1.0499e+00	
 1.0210e+00	
 1.0297e+00	
 1.0488e+00	
 1.0430e+00	
 9.6283e-01	
 9.5444e-01	
 1.0790e+00	
 1.0596e+00	
 9.9049e-01	
 9.7177e-01	
 9.4722e-01	
 9.6431e-01	
 1.0301e+00	
 9.6956e-01	
 9.5327e-01	
 9.4663e-01	
 9.3929e-01	
 9.5493e-01	
 9.5121e-01	
 9.4137e-01	
 9.0187e-01	
 8.7375e-01	
 8.1605e-01	
 8.3260e-01	
 8.0043e-01	
 8.1700e-01	
 8.6927e-01	
 8.1126e-01	
 7.9462e-01	
 7.8629e-01	
 7.6235e-01	
 7.7445e-01	
 7.0659e-01	
 7.9259e-01	
 8.0241e-01	
 8.1737e-01	
 8.2893e-01	
 7.7038e-01	
 7.8770e-01	
 7.7224e-01	
 8.0050e-01	
 7.8684e-01	
 7.5299e-01	
 7.3249e-01	
 6.7873e-01	
 7.5967e-01	
 8.2819e-01	
 7.9404e-01	
 7.5121e-01	
 7.3993e-01	
